--------- 2025-05-02 09:58:41 ---------
Session: Array
(
    [user_id] => 7
    [user_type] => client
    [user_email] => a@a.com
)

POST: Array
(
    [produit_id] => 1
    [quantite] => 1
)

Non connecté, redirection vers connexion.html
--------- 2025-05-02 09:58:43 ---------
Session: Array
(
    [user_id] => 7
    [user_type] => client
    [user_email] => a@a.com
)

POST: Array
(
    [produit_id] => 2
    [quantite] => 1
)

Non connecté, redirection vers connexion.html
--------- 2025-05-02 09:58:50 ---------
Session: Array
(
    [user_id] => 7
    [user_type] => client
    [user_email] => a@a.com
)

POST: Array
(
    [produit_id] => 4
    [quantite] => 1
)

Non connecté, redirection vers connexion.html
--------- 2025-05-02 09:58:56 ---------
Session: Array
(
    [user_id] => 7
    [user_type] => client
    [user_email] => a@a.com
)

POST: Array
(
    [produit_id] => 6
    [quantite] => 1
)

Non connecté, redirection vers connexion.html
--------- 2025-05-02 11:46:27 ---------
Session: Array
(
    [user_id] => 7
    [user_type] => client
    [user_email] => a@a.com
)

POST: Array
(
    [produit_id] => 1
    [quantite] => 1
)

Non connecté, redirection vers connexion.html
--------- 2025-05-02 11:46:52 ---------
Session: Array
(
    [user_id] => 7
    [user_type] => client
    [user_email] => a@a.com
)

POST: Array
(
    [produit_id] => 3
    [quantite] => 1
)

Non connecté, redirection vers connexion.html
--------- 2025-05-02 11:46:56 ---------
Session: Array
(
    [user_id] => 7
    [user_type] => client
    [user_email] => a@a.com
)

POST: Array
(
    [produit_id] => 4
    [quantite] => 1
)

Non connecté, redirection vers connexion.html
--------- 2025-05-02 11:48:22 ---------
Session: Array
(
    [user_id] => 7
    [user_type] => client
    [user_email] => a@a.com
)

POST: Array
(
    [produit_id] => 3
    [quantite] => 1
)

Non connecté, redirection vers connexion.html
--------- 2025-05-02 11:48:45 ---------
Session: Array
(
    [user_id] => 7
    [user_type] => client
    [user_email] => a@a.com
)

POST: Array
(
    [produit_id] => 1
    [quantite] => 1
)

Non connecté, redirection vers connexion.html
--------- 2025-05-02 11:48:52 ---------
Session: Array
(
    [user_id] => 7
    [user_type] => client
    [user_email] => a@a.com
)

POST: Array
(
    [produit_id] => 4
    [quantite] => 1
)

Non connecté, redirection vers connexion.html
--------- 2025-05-02 11:48:55 ---------
Session: Array
(
    [user_id] => 7
    [user_type] => client
    [user_email] => a@a.com
)

POST: Array
(
    [produit_id] => 2
    [quantite] => 1
)

Non connecté, redirection vers connexion.html
--------- 2025-05-02 11:48:58 ---------
Session: Array
(
    [user_id] => 7
    [user_type] => client
    [user_email] => a@a.com
)

POST: Array
(
    [produit_id] => 5
    [quantite] => 1
)

Non connecté, redirection vers connexion.html
--------- 2025-05-02 11:49:01 ---------
Session: Array
(
    [user_id] => 7
    [user_type] => client
    [user_email] => a@a.com
)

POST: Array
(
    [produit_id] => 6
    [quantite] => 1
)

Non connecté, redirection vers connexion.html
--------- 2025-05-02 11:51:36 ---------
Session: Array
(
    [user_id] => 7
    [user_type] => client
    [user_email] => a@a.com
)

POST: Array
(
    [produit_id] => 3
    [quantite] => 1
)

Non connecté, redirection vers connexion.html
--------- 2025-05-02 11:54:54 ---------
Session: Array
(
    [user_id] => 7
    [user_type] => client
    [user_email] => a@a.com
)

POST: Array
(
    [produit_id] => 1
    [quantite] => 1
)

Client ID: 7, Produit ID: 1, Quantité: 1
SQL préparé: SELECT quantite FROM paniers WHERE client_id = ? AND produit_id = ? avec client_id=7, produit_id=1
Nombre de lignes trouvées: 0
Insertion: INSERT INTO paniers (client_id, produit_id, quantite) VALUES (?, ?, ?)
Résultat de l'insertion: Succès
Redirection vers panier.html
--------- 2025-05-02 11:55:09 ---------
Session: Array
(
    [user_id] => 7
    [user_type] => client
    [user_email] => a@a.com
)

POST: Array
(
    [produit_id] => 4
    [quantite] => 1
)

Client ID: 7, Produit ID: 4, Quantité: 1
SQL préparé: SELECT quantite FROM paniers WHERE client_id = ? AND produit_id = ? avec client_id=7, produit_id=4
Nombre de lignes trouvées: 0
Insertion: INSERT INTO paniers (client_id, produit_id, quantite) VALUES (?, ?, ?)
Résultat de l'insertion: Succès
Redirection vers panier.html
--------- 2025-05-02 11:55:30 ---------
Session: Array
(
    [user_id] => 7
    [user_type] => client
    [user_email] => a@a.com
)

POST: Array
(
    [produit_id] => 5
    [quantite] => 4
)

Client ID: 7, Produit ID: 5, Quantité: 4
SQL préparé: SELECT quantite FROM paniers WHERE client_id = ? AND produit_id = ? avec client_id=7, produit_id=5
Nombre de lignes trouvées: 0
Insertion: INSERT INTO paniers (client_id, produit_id, quantite) VALUES (?, ?, ?)
Résultat de l'insertion: Succès
Redirection vers panier.html
--------- 2025-05-02 11:59:55 ---------
Session: Array
(
    [user_id] => 7
    [user_type] => client
    [user_email] => a@a.com
)

POST: Array
(
    [produit_id] => 2
    [quantite] => 2
)

Client ID: 7, Produit ID: 2, Quantité: 2
SQL préparé: SELECT quantite FROM paniers WHERE client_id = ? AND produit_id = ? avec client_id=7, produit_id=2
Nombre de lignes trouvées: 0
Insertion: INSERT INTO paniers (client_id, produit_id, quantite) VALUES (?, ?, ?)
Résultat de l'insertion: Succès
Redirection vers panier.html
--------- 2025-05-02 12:45:03 ---------
Session: Array
(
    [user_id] => 7
    [user_type] => client
    [user_email] => a@a.com
)

POST: Array
(
    [produit_id] => 3
    [quantite] => 1
)

Client ID: 7, Produit ID: 3, Quantité: 1
SQL préparé: SELECT quantite FROM paniers WHERE client_id = ? AND produit_id = ? avec client_id=7, produit_id=3
Nombre de lignes trouvées: 0
Insertion: INSERT INTO paniers (client_id, produit_id, quantite) VALUES (?, ?, ?)
Résultat de l'insertion: Succès
Redirection vers panier.html
--------- 2025-05-02 12:46:40 ---------
Session: Array
(
    [user_id] => 7
    [user_type] => client
    [user_email] => a@a.com
)

POST: Array
(
    [produit_id] => 4
    [quantite] => 3
)

Client ID: 7, Produit ID: 4, Quantité: 3
SQL préparé: SELECT quantite FROM paniers WHERE client_id = ? AND produit_id = ? avec client_id=7, produit_id=4
Nombre de lignes trouvées: 0
Insertion: INSERT INTO paniers (client_id, produit_id, quantite) VALUES (?, ?, ?)
Résultat de l'insertion: Succès
Redirection vers panier.html
--------- 2025-05-02 12:46:43 ---------
Session: Array
(
    [user_id] => 7
    [user_type] => client
    [user_email] => a@a.com
)

POST: Array
(
    [produit_id] => 5
    [quantite] => 2
)

Client ID: 7, Produit ID: 5, Quantité: 2
SQL préparé: SELECT quantite FROM paniers WHERE client_id = ? AND produit_id = ? avec client_id=7, produit_id=5
Nombre de lignes trouvées: 0
Insertion: INSERT INTO paniers (client_id, produit_id, quantite) VALUES (?, ?, ?)
Résultat de l'insertion: Succès
Redirection vers panier.html
