--------- 2025-05-02 11:48:19 ---------
Session: Array
(
    [user_id] => 7
    [user_type] => client
    [user_email] => a@a.com
)

Non connecté, envoi réponse JSON avec erreur
--------- 2025-05-02 11:48:22 ---------
Session: Array
(
    [user_id] => 7
    [user_type] => client
    [user_email] => a@a.com
)

Non connecté, envoi réponse JSON avec erreur
--------- 2025-05-02 11:48:45 ---------
Session: Array
(
    [user_id] => 7
    [user_type] => client
    [user_email] => a@a.com
)

Non connecté, envoi réponse JSON avec erreur
--------- 2025-05-02 11:48:48 ---------
Session: Array
(
    [user_id] => 7
    [user_type] => client
    [user_email] => a@a.com
)

Non connecté, envoi réponse JSON avec erreur
--------- 2025-05-02 11:48:53 ---------
Session: Array
(
    [user_id] => 7
    [user_type] => client
    [user_email] => a@a.com
)

Non connecté, envoi réponse JSON avec erreur
--------- 2025-05-02 11:48:55 ---------
Session: Array
(
    [user_id] => 7
    [user_type] => client
    [user_email] => a@a.com
)

Non connecté, envoi réponse JSON avec erreur
--------- 2025-05-02 11:48:58 ---------
Session: Array
(
    [user_id] => 7
    [user_type] => client
    [user_email] => a@a.com
)

Non connecté, envoi réponse JSON avec erreur
--------- 2025-05-02 11:49:01 ---------
Session: Array
(
    [user_id] => 7
    [user_type] => client
    [user_email] => a@a.com
)

Non connecté, envoi réponse JSON avec erreur
--------- 2025-05-02 11:49:14 ---------
Session: Array
(
    [user_id] => 7
    [user_type] => client
    [user_email] => a@a.com
)

Non connecté, envoi réponse JSON avec erreur
--------- 2025-05-02 11:49:44 ---------
Session: Array
(
    [user_id] => 7
    [user_type] => client
    [user_email] => a@a.com
)

Non connecté, envoi réponse JSON avec erreur
--------- 2025-05-02 11:51:33 ---------
Session: Array
(
    [user_id] => 7
    [user_type] => client
    [user_email] => a@a.com
)

Non connecté, envoi réponse JSON avec erreur
--------- 2025-05-02 11:51:36 ---------
Session: Array
(
    [user_id] => 7
    [user_type] => client
    [user_email] => a@a.com
)

Non connecté, envoi réponse JSON avec erreur
--------- 2025-05-02 11:54:50 ---------
Session: Array
(
    [user_id] => 7
    [user_type] => client
    [user_email] => a@a.com
)

Client ID: 7
SQL préparé: SELECT p.id, p.nom, p.prix, p.image_url, pan.quantite 
        FROM paniers pan 
        JOIN produits p ON pan.produit_id = p.id 
        WHERE pan.client_id = ? avec client_id=7
Nombre d'articles dans le panier: 0
Réponse JSON envoyée
--------- 2025-05-02 11:54:51 ---------
Session: Array
(
    [user_id] => 7
    [user_type] => client
    [user_email] => a@a.com
)

Client ID: 7
SQL préparé: SELECT p.id, p.nom, p.prix, p.image_url, pan.quantite 
        FROM paniers pan 
        JOIN produits p ON pan.produit_id = p.id 
        WHERE pan.client_id = ? avec client_id=7
Nombre d'articles dans le panier: 0
Réponse JSON envoyée
--------- 2025-05-02 11:54:51 ---------
Session: Array
(
    [user_id] => 7
    [user_type] => client
    [user_email] => a@a.com
)

Client ID: 7
SQL préparé: SELECT p.id, p.nom, p.prix, p.image_url, pan.quantite 
        FROM paniers pan 
        JOIN produits p ON pan.produit_id = p.id 
        WHERE pan.client_id = ? avec client_id=7
Nombre d'articles dans le panier: 0
Réponse JSON envoyée
--------- 2025-05-02 11:54:54 ---------
Session: Array
(
    [user_id] => 7
    [user_type] => client
    [user_email] => a@a.com
)

Client ID: 7
SQL préparé: SELECT p.id, p.nom, p.prix, p.image_url, pan.quantite 
        FROM paniers pan 
        JOIN produits p ON pan.produit_id = p.id 
        WHERE pan.client_id = ? avec client_id=7
Nombre d'articles dans le panier: 1
Réponse JSON envoyée
--------- 2025-05-02 11:55:09 ---------
Session: Array
(
    [user_id] => 7
    [user_type] => client
    [user_email] => a@a.com
)

Client ID: 7
SQL préparé: SELECT p.id, p.nom, p.prix, p.image_url, pan.quantite 
        FROM paniers pan 
        JOIN produits p ON pan.produit_id = p.id 
        WHERE pan.client_id = ? avec client_id=7
Nombre d'articles dans le panier: 2
Réponse JSON envoyée
--------- 2025-05-02 11:55:30 ---------
Session: Array
(
    [user_id] => 7
    [user_type] => client
    [user_email] => a@a.com
)

Client ID: 7
SQL préparé: SELECT p.id, p.nom, p.prix, p.image_url, pan.quantite 
        FROM paniers pan 
        JOIN produits p ON pan.produit_id = p.id 
        WHERE pan.client_id = ? avec client_id=7
Nombre d'articles dans le panier: 3
Réponse JSON envoyée
--------- 2025-05-02 11:56:07 ---------
Session: Array
(
    [user_id] => 7
    [user_type] => client
    [user_email] => a@a.com
)

Client ID: 7
SQL préparé: SELECT p.id, p.nom, p.prix, p.image_url, pan.quantite 
        FROM paniers pan 
        JOIN produits p ON pan.produit_id = p.id 
        WHERE pan.client_id = ? avec client_id=7
Nombre d'articles dans le panier: 3
Réponse JSON envoyée
--------- 2025-05-02 11:57:56 ---------
Session: Array
(
    [user_id] => 7
    [user_type] => client
    [user_email] => a@a.com
)

Client ID: 7
SQL préparé: SELECT p.id, p.nom, p.prix, p.image_url, pan.quantite 
        FROM paniers pan 
        JOIN produits p ON pan.produit_id = p.id 
        WHERE pan.client_id = ? avec client_id=7
Nombre d'articles dans le panier: 3
Réponse JSON envoyée
--------- 2025-05-02 11:57:57 ---------
Session: Array
(
    [user_id] => 7
    [user_type] => client
    [user_email] => a@a.com
)

Client ID: 7
SQL préparé: SELECT p.id, p.nom, p.prix, p.image_url, pan.quantite 
        FROM paniers pan 
        JOIN produits p ON pan.produit_id = p.id 
        WHERE pan.client_id = ? avec client_id=7
Nombre d'articles dans le panier: 3
Réponse JSON envoyée
--------- 2025-05-02 11:59:23 ---------
Session: Array
(
    [user_id] => 7
    [user_type] => client
    [user_email] => a@a.com
)

Client ID: 7
SQL préparé: SELECT p.id, p.nom, p.prix, p.image_url, pan.quantite, pan.produit_id 
            FROM paniers pan 
            JOIN produits p ON pan.produit_id = p.id 
            WHERE pan.client_id = ? avec client_id=7
Requête exécutée avec succès
Produit trouvé: ID=1, Nom=Vase en céramique bleu
Produit trouvé: ID=4, Nom=Chaise artisanale
Produit trouvé: ID=5, Nom=Collier en argent
Nombre d'articles dans le panier: 3
Total: 609.94
Réponse JSON générée avec succès
Fin du script
--------- 2025-05-02 11:59:32 ---------
Session: Array
(
    [user_id] => 7
    [user_type] => client
    [user_email] => a@a.com
)

Client ID: 7
SQL préparé: SELECT p.id, p.nom, p.prix, p.image_url, pan.quantite, pan.produit_id 
            FROM paniers pan 
            JOIN produits p ON pan.produit_id = p.id 
            WHERE pan.client_id = ? avec client_id=7
Requête exécutée avec succès
Produit trouvé: ID=1, Nom=Vase en céramique bleu
Produit trouvé: ID=4, Nom=Chaise artisanale
Produit trouvé: ID=5, Nom=Collier en argent
Nombre d'articles dans le panier: 3
Total: 609.94
Réponse JSON générée avec succès
Fin du script
--------- 2025-05-02 11:59:49 ---------
Session: Array
(
    [user_id] => 7
    [user_type] => client
    [user_email] => a@a.com
)

Client ID: 7
SQL préparé: SELECT p.id, p.nom, p.prix, p.image_url, pan.quantite, pan.produit_id 
            FROM paniers pan 
            JOIN produits p ON pan.produit_id = p.id 
            WHERE pan.client_id = ? avec client_id=7
Requête exécutée avec succès
Produit trouvé: ID=1, Nom=Vase en céramique bleu
Produit trouvé: ID=4, Nom=Chaise artisanale
Produit trouvé: ID=5, Nom=Collier en argent
Nombre d'articles dans le panier: 3
Total: 609.94
Réponse JSON générée avec succès
Fin du script
--------- 2025-05-02 11:59:55 ---------
Session: Array
(
    [user_id] => 7
    [user_type] => client
    [user_email] => a@a.com
)

Client ID: 7
SQL préparé: SELECT p.id, p.nom, p.prix, p.image_url, pan.quantite, pan.produit_id 
            FROM paniers pan 
            JOIN produits p ON pan.produit_id = p.id 
            WHERE pan.client_id = ? avec client_id=7
Requête exécutée avec succès
Produit trouvé: ID=1, Nom=Vase en céramique bleu
Produit trouvé: ID=4, Nom=Chaise artisanale
Produit trouvé: ID=5, Nom=Collier en argent
Produit trouvé: ID=2, Nom=Service à thé
Nombre d'articles dans le panier: 4
Total: 909.92
Réponse JSON générée avec succès
Fin du script
--------- 2025-05-02 12:00:25 ---------
Session: Array
(
    [user_id] => 7
    [user_type] => client
    [user_email] => a@a.com
)

Client ID: 7
SQL préparé: SELECT p.id, p.nom, p.prix, p.image_url, pan.quantite, pan.produit_id 
            FROM paniers pan 
            JOIN produits p ON pan.produit_id = p.id 
            WHERE pan.client_id = ? avec client_id=7
Requête exécutée avec succès
Produit trouvé: ID=4, Nom=Chaise artisanale
Produit trouvé: ID=5, Nom=Collier en argent
Produit trouvé: ID=2, Nom=Service à thé
Nombre d'articles dans le panier: 3
Total: 819.93
Réponse JSON générée avec succès
Fin du script
--------- 2025-05-02 12:00:27 ---------
Session: Array
(
    [user_id] => 7
    [user_type] => client
    [user_email] => a@a.com
)

Client ID: 7
SQL préparé: SELECT p.id, p.nom, p.prix, p.image_url, pan.quantite, pan.produit_id 
            FROM paniers pan 
            JOIN produits p ON pan.produit_id = p.id 
            WHERE pan.client_id = ? avec client_id=7
Requête exécutée avec succès
Produit trouvé: ID=4, Nom=Chaise artisanale
Produit trouvé: ID=5, Nom=Collier en argent
Produit trouvé: ID=2, Nom=Service à thé
Nombre d'articles dans le panier: 3
Total: 819.93
Réponse JSON générée avec succès
Fin du script
--------- 2025-05-02 12:00:30 ---------
Session: Array
(
    [user_id] => 7
    [user_type] => client
    [user_email] => a@a.com
)

Client ID: 7
SQL préparé: SELECT p.id, p.nom, p.prix, p.image_url, pan.quantite, pan.produit_id 
            FROM paniers pan 
            JOIN produits p ON pan.produit_id = p.id 
            WHERE pan.client_id = ? avec client_id=7
Requête exécutée avec succès
Produit trouvé: ID=2, Nom=Service à thé
Produit trouvé: ID=5, Nom=Collier en argent
Nombre d'articles dans le panier: 2
Total: 619.94
Réponse JSON générée avec succès
Fin du script
--------- 2025-05-02 12:00:31 ---------
Session: Array
(
    [user_id] => 7
    [user_type] => client
    [user_email] => a@a.com
)

Client ID: 7
SQL préparé: SELECT p.id, p.nom, p.prix, p.image_url, pan.quantite, pan.produit_id 
            FROM paniers pan 
            JOIN produits p ON pan.produit_id = p.id 
            WHERE pan.client_id = ? avec client_id=7
Requête exécutée avec succès
Produit trouvé: ID=2, Nom=Service à thé
Produit trouvé: ID=5, Nom=Collier en argent
Nombre d'articles dans le panier: 2
Total: 619.94
Réponse JSON générée avec succès
Fin du script
--------- 2025-05-02 12:02:04 ---------
Session: Array
(
    [user_id] => 7
    [user_type] => client
    [user_email] => a@a.com
)

Client ID: 7
SQL préparé: SELECT p.id, p.nom, p.prix, p.image_url, pan.quantite, pan.produit_id 
            FROM paniers pan 
            JOIN produits p ON pan.produit_id = p.id 
            WHERE pan.client_id = ? avec client_id=7
Requête exécutée avec succès
Produit trouvé: ID=2, Nom=Service à thé
Produit trouvé: ID=5, Nom=Collier en argent
Nombre d'articles dans le panier: 2
Total: 619.94
Réponse JSON générée avec succès
Fin du script
--------- 2025-05-02 12:04:46 ---------
Session: Array
(
    [user_id] => 7
    [user_type] => client
    [user_email] => a@a.com
)

Client ID: 7
SQL préparé: SELECT p.id, p.nom, p.prix, p.image_url, pan.quantite, pan.produit_id 
            FROM paniers pan 
            JOIN produits p ON pan.produit_id = p.id 
            WHERE pan.client_id = ? avec client_id=7
Requête exécutée avec succès
Produit trouvé: ID=2, Nom=Service à thé
Produit trouvé: ID=5, Nom=Collier en argent
Nombre d'articles dans le panier: 2
Total: 619.94
Réponse JSON générée avec succès
Fin du script
--------- 2025-05-02 12:13:25 ---------
Session: Array
(
    [user_id] => 7
    [user_type] => client
    [user_email] => a@a.com
)

Client ID: 7
SQL préparé: SELECT p.id, p.nom, p.prix, p.image_url, pan.quantite, pan.produit_id 
            FROM paniers pan 
            JOIN produits p ON pan.produit_id = p.id 
            WHERE pan.client_id = ? avec client_id=7
Requête exécutée avec succès
Produit trouvé: ID=2, Nom=Service à thé
Produit trouvé: ID=5, Nom=Collier en argent
Nombre d'articles dans le panier: 2
Total: 619.94
Réponse JSON générée avec succès
Fin du script
--------- 2025-05-02 12:13:26 ---------
Session: Array
(
    [user_id] => 7
    [user_type] => client
    [user_email] => a@a.com
)

Client ID: 7
SQL préparé: SELECT p.id, p.nom, p.prix, p.image_url, pan.quantite, pan.produit_id 
            FROM paniers pan 
            JOIN produits p ON pan.produit_id = p.id 
            WHERE pan.client_id = ? avec client_id=7
Requête exécutée avec succès
Produit trouvé: ID=2, Nom=Service à thé
Produit trouvé: ID=5, Nom=Collier en argent
Nombre d'articles dans le panier: 2
Total: 619.94
Réponse JSON générée avec succès
Fin du script
--------- 2025-05-02 12:13:26 ---------
Session: Array
(
    [user_id] => 7
    [user_type] => client
    [user_email] => a@a.com
)

Client ID: 7
SQL préparé: SELECT p.id, p.nom, p.prix, p.image_url, pan.quantite, pan.produit_id 
            FROM paniers pan 
            JOIN produits p ON pan.produit_id = p.id 
            WHERE pan.client_id = ? avec client_id=7
Requête exécutée avec succès
Produit trouvé: ID=2, Nom=Service à thé
Produit trouvé: ID=5, Nom=Collier en argent
Nombre d'articles dans le panier: 2
Total: 619.94
Réponse JSON générée avec succès
Fin du script
--------- 2025-05-02 12:13:30 ---------
Session: Array
(
    [user_id] => 7
    [user_type] => client
    [user_email] => a@a.com
)

Client ID: 7
SQL préparé: SELECT p.id, p.nom, p.prix, p.image_url, pan.quantite, pan.produit_id 
            FROM paniers pan 
            JOIN produits p ON pan.produit_id = p.id 
            WHERE pan.client_id = ? avec client_id=7
Requête exécutée avec succès
Produit trouvé: ID=2, Nom=Service à thé
Produit trouvé: ID=5, Nom=Collier en argent
Nombre d'articles dans le panier: 2
Total: 619.94
Réponse JSON générée avec succès
Fin du script
--------- 2025-05-02 12:14:18 ---------
Session: Array
(
    [user_id] => 7
    [user_type] => client
    [user_email] => a@a.com
)

Client ID: 7
SQL préparé: SELECT p.id, p.nom, p.prix, p.image_url, pan.quantite, pan.produit_id 
            FROM paniers pan 
            JOIN produits p ON pan.produit_id = p.id 
            WHERE pan.client_id = ? avec client_id=7
Requête exécutée avec succès
Produit trouvé: ID=2, Nom=Service à thé
Produit trouvé: ID=5, Nom=Collier en argent
Nombre d'articles dans le panier: 2
Total: 619.94
Réponse JSON générée avec succès
Fin du script
--------- 2025-05-02 12:43:26 ---------
Session: Array
(
    [user_id] => 7
    [user_type] => client
    [user_email] => a@a.com
)

Client ID: 7
SQL préparé: SELECT p.id, p.nom, p.prix, p.image_url, pan.quantite, pan.produit_id 
            FROM paniers pan 
            JOIN produits p ON pan.produit_id = p.id 
            WHERE pan.client_id = ? avec client_id=7
Requête exécutée avec succès
Produit trouvé: ID=2, Nom=Service à thé
Produit trouvé: ID=5, Nom=Collier en argent
Nombre d'articles dans le panier: 2
Total: 619.94
Réponse JSON générée avec succès
Fin du script
--------- 2025-05-02 12:43:42 ---------
Session: Array
(
    [user_id] => 7
    [user_type] => client
    [user_email] => a@a.com
)

Client ID: 7
SQL préparé: SELECT p.id, p.nom, p.prix, p.image_url, pan.quantite, pan.produit_id 
            FROM paniers pan 
            JOIN produits p ON pan.produit_id = p.id 
            WHERE pan.client_id = ? avec client_id=7
Requête exécutée avec succès
Produit trouvé: ID=2, Nom=Service à thé
Produit trouvé: ID=5, Nom=Collier en argent
Nombre d'articles dans le panier: 2
Total: 619.94
Réponse JSON générée avec succès
Fin du script
--------- 2025-05-02 12:44:52 ---------
Session: Array
(
    [user_id] => 7
    [user_type] => client
    [user_email] => a@a.com
)

Client ID: 7
SQL préparé: SELECT p.id, p.nom, p.prix, p.image_url, pan.quantite, pan.produit_id 
            FROM paniers pan 
            JOIN produits p ON pan.produit_id = p.id 
            WHERE pan.client_id = ? avec client_id=7
Requête exécutée avec succès
Produit trouvé: ID=2, Nom=Service à thé
Produit trouvé: ID=5, Nom=Collier en argent
Nombre d'articles dans le panier: 2
Total: 619.94
Réponse JSON générée avec succès
Fin du script
--------- 2025-05-02 12:44:52 ---------
Session: Array
(
    [user_id] => 7
    [user_type] => client
    [user_email] => a@a.com
)

Client ID: 7
SQL préparé: SELECT p.id, p.nom, p.prix, p.image_url, pan.quantite, pan.produit_id 
            FROM paniers pan 
            JOIN produits p ON pan.produit_id = p.id 
            WHERE pan.client_id = ? avec client_id=7
Requête exécutée avec succès
Produit trouvé: ID=2, Nom=Service à thé
Produit trouvé: ID=5, Nom=Collier en argent
Nombre d'articles dans le panier: 2
Total: 619.94
Réponse JSON générée avec succès
Fin du script
--------- 2025-05-02 12:44:52 ---------
Session: Array
(
    [user_id] => 7
    [user_type] => client
    [user_email] => a@a.com
)

Client ID: 7
SQL préparé: SELECT p.id, p.nom, p.prix, p.image_url, pan.quantite, pan.produit_id 
            FROM paniers pan 
            JOIN produits p ON pan.produit_id = p.id 
            WHERE pan.client_id = ? avec client_id=7
Requête exécutée avec succès
Produit trouvé: ID=2, Nom=Service à thé
Produit trouvé: ID=5, Nom=Collier en argent
Nombre d'articles dans le panier: 2
Total: 619.94
Réponse JSON générée avec succès
Fin du script
--------- 2025-05-02 12:44:53 ---------
Session: Array
(
    [user_id] => 7
    [user_type] => client
    [user_email] => a@a.com
)

Client ID: 7
SQL préparé: SELECT p.id, p.nom, p.prix, p.image_url, pan.quantite, pan.produit_id 
            FROM paniers pan 
            JOIN produits p ON pan.produit_id = p.id 
            WHERE pan.client_id = ? avec client_id=7
Requête exécutée avec succès
Produit trouvé: ID=2, Nom=Service à thé
Produit trouvé: ID=5, Nom=Collier en argent
Nombre d'articles dans le panier: 2
Total: 619.94
Réponse JSON générée avec succès
Fin du script
--------- 2025-05-02 12:44:59 ---------
Session: Array
(
    [user_id] => 7
    [user_type] => client
    [user_email] => a@a.com
)

Client ID: 7
SQL préparé: SELECT p.id, p.nom, p.prix, p.image_url, pan.quantite, pan.produit_id 
            FROM paniers pan 
            JOIN produits p ON pan.produit_id = p.id 
            WHERE pan.client_id = ? avec client_id=7
Requête exécutée avec succès
Produit trouvé: ID=2, Nom=Service à thé
Produit trouvé: ID=5, Nom=Collier en argent
Nombre d'articles dans le panier: 2
Total: 619.94
Réponse JSON générée avec succès
Fin du script
--------- 2025-05-02 12:45:00 ---------
Session: Array
(
    [user_id] => 7
    [user_type] => client
    [user_email] => a@a.com
)

Client ID: 7
SQL préparé: SELECT p.id, p.nom, p.prix, p.image_url, pan.quantite, pan.produit_id 
            FROM paniers pan 
            JOIN produits p ON pan.produit_id = p.id 
            WHERE pan.client_id = ? avec client_id=7
Requête exécutée avec succès
Produit trouvé: ID=5, Nom=Collier en argent
Nombre d'articles dans le panier: 1
Total: 319.96
Réponse JSON générée avec succès
Fin du script
--------- 2025-05-02 12:45:00 ---------
Session: Array
(
    [user_id] => 7
    [user_type] => client
    [user_email] => a@a.com
)

Client ID: 7
SQL préparé: SELECT p.id, p.nom, p.prix, p.image_url, pan.quantite, pan.produit_id 
            FROM paniers pan 
            JOIN produits p ON pan.produit_id = p.id 
            WHERE pan.client_id = ? avec client_id=7
Requête exécutée avec succès
Nombre d'articles dans le panier: 0
Total: 0
Réponse JSON générée avec succès
Fin du script
--------- 2025-05-02 12:45:03 ---------
Session: Array
(
    [user_id] => 7
    [user_type] => client
    [user_email] => a@a.com
)

Client ID: 7
SQL préparé: SELECT p.id, p.nom, p.prix, p.image_url, pan.quantite, pan.produit_id 
            FROM paniers pan 
            JOIN produits p ON pan.produit_id = p.id 
            WHERE pan.client_id = ? avec client_id=7
Requête exécutée avec succès
Produit trouvé: ID=3, Nom=Table basse en chêne
Nombre d'articles dans le panier: 1
Total: 299.99
Réponse JSON générée avec succès
Fin du script
--------- 2025-05-02 12:45:10 ---------
Session: Array
(
)

Non connecté, envoi réponse JSON avec erreur
--------- 2025-05-02 12:45:16 ---------
Session: Array
(
)

Non connecté, envoi réponse JSON avec erreur
--------- 2025-05-02 12:45:22 ---------
Session: Array
(
    [user_id] => 7
    [user_type] => client
    [user_email] => a@a.com
)

Client ID: 7
SQL préparé: SELECT p.id, p.nom, p.prix, p.image_url, pan.quantite, pan.produit_id 
            FROM paniers pan 
            JOIN produits p ON pan.produit_id = p.id 
            WHERE pan.client_id = ? avec client_id=7
Requête exécutée avec succès
Produit trouvé: ID=3, Nom=Table basse en chêne
Nombre d'articles dans le panier: 1
Total: 299.99
Réponse JSON générée avec succès
Fin du script
--------- 2025-05-02 12:45:46 ---------
Session: Array
(
    [user_id] => 7
    [user_type] => client
    [user_email] => a@a.com
)

Client ID: 7
SQL préparé: SELECT p.id, p.nom, p.prix, p.image_url, pan.quantite, pan.produit_id 
            FROM paniers pan 
            JOIN produits p ON pan.produit_id = p.id 
            WHERE pan.client_id = ? avec client_id=7
Requête exécutée avec succès
Produit trouvé: ID=3, Nom=Table basse en chêne
Nombre d'articles dans le panier: 1
Total: 299.99
Réponse JSON générée avec succès
Fin du script
--------- 2025-05-02 12:45:47 ---------
Session: Array
(
    [user_id] => 7
    [user_type] => client
    [user_email] => a@a.com
)

Client ID: 7
SQL préparé: SELECT p.id, p.nom, p.prix, p.image_url, pan.quantite, pan.produit_id 
            FROM paniers pan 
            JOIN produits p ON pan.produit_id = p.id 
            WHERE pan.client_id = ? avec client_id=7
Requête exécutée avec succès
Produit trouvé: ID=3, Nom=Table basse en chêne
Nombre d'articles dans le panier: 1
Total: 299.99
Réponse JSON générée avec succès
Fin du script
--------- 2025-05-02 12:45:52 ---------
Session: Array
(
)

Non connecté, envoi réponse JSON avec erreur
--------- 2025-05-02 12:46:11 ---------
Session: Array
(
)

Non connecté, envoi réponse JSON avec erreur
--------- 2025-05-02 12:46:12 ---------
Session: Array
(
)

Non connecté, envoi réponse JSON avec erreur
--------- 2025-05-02 12:46:18 ---------
Session: Array
(
    [user_id] => 7
    [user_type] => client
    [user_email] => a@a.com
)

Client ID: 7
SQL préparé: SELECT p.id, p.nom, p.prix, p.image_url, pan.quantite, pan.produit_id 
            FROM paniers pan 
            JOIN produits p ON pan.produit_id = p.id 
            WHERE pan.client_id = ? avec client_id=7
Requête exécutée avec succès
Produit trouvé: ID=3, Nom=Table basse en chêne
Nombre d'articles dans le panier: 1
Total: 299.99
Réponse JSON générée avec succès
Fin du script
--------- 2025-05-02 12:46:20 ---------
Session: Array
(
    [user_id] => 7
    [user_type] => client
    [user_email] => a@a.com
)

Client ID: 7
SQL préparé: SELECT p.id, p.nom, p.prix, p.image_url, pan.quantite, pan.produit_id 
            FROM paniers pan 
            JOIN produits p ON pan.produit_id = p.id 
            WHERE pan.client_id = ? avec client_id=7
Requête exécutée avec succès
Nombre d'articles dans le panier: 0
Total: 0
Réponse JSON générée avec succès
Fin du script
--------- 2025-05-02 12:46:36 ---------
Session: Array
(
    [user_id] => 7
    [user_type] => client
    [user_email] => a@a.com
)

Client ID: 7
SQL préparé: SELECT p.id, p.nom, p.prix, p.image_url, pan.quantite, pan.produit_id 
            FROM paniers pan 
            JOIN produits p ON pan.produit_id = p.id 
            WHERE pan.client_id = ? avec client_id=7
Requête exécutée avec succès
Nombre d'articles dans le panier: 0
Total: 0
Réponse JSON générée avec succès
Fin du script
--------- 2025-05-02 12:46:37 ---------
Session: Array
(
    [user_id] => 7
    [user_type] => client
    [user_email] => a@a.com
)

Client ID: 7
SQL préparé: SELECT p.id, p.nom, p.prix, p.image_url, pan.quantite, pan.produit_id 
            FROM paniers pan 
            JOIN produits p ON pan.produit_id = p.id 
            WHERE pan.client_id = ? avec client_id=7
Requête exécutée avec succès
Nombre d'articles dans le panier: 0
Total: 0
Réponse JSON générée avec succès
Fin du script
--------- 2025-05-02 12:46:40 ---------
Session: Array
(
    [user_id] => 7
    [user_type] => client
    [user_email] => a@a.com
)

Client ID: 7
SQL préparé: SELECT p.id, p.nom, p.prix, p.image_url, pan.quantite, pan.produit_id 
            FROM paniers pan 
            JOIN produits p ON pan.produit_id = p.id 
            WHERE pan.client_id = ? avec client_id=7
Requête exécutée avec succès
Produit trouvé: ID=4, Nom=Chaise artisanale
Nombre d'articles dans le panier: 1
Total: 599.97
Réponse JSON générée avec succès
Fin du script
--------- 2025-05-02 12:46:43 ---------
Session: Array
(
    [user_id] => 7
    [user_type] => client
    [user_email] => a@a.com
)

Client ID: 7
SQL préparé: SELECT p.id, p.nom, p.prix, p.image_url, pan.quantite, pan.produit_id 
            FROM paniers pan 
            JOIN produits p ON pan.produit_id = p.id 
            WHERE pan.client_id = ? avec client_id=7
Requête exécutée avec succès
Produit trouvé: ID=4, Nom=Chaise artisanale
Produit trouvé: ID=5, Nom=Collier en argent
Nombre d'articles dans le panier: 2
Total: 759.95
Réponse JSON générée avec succès
Fin du script
--------- 2025-05-02 12:46:46 ---------
Session: Array
(
    [user_id] => 7
    [user_type] => client
    [user_email] => a@a.com
)

Client ID: 7
SQL préparé: SELECT p.id, p.nom, p.prix, p.image_url, pan.quantite, pan.produit_id 
            FROM paniers pan 
            JOIN produits p ON pan.produit_id = p.id 
            WHERE pan.client_id = ? avec client_id=7
Requête exécutée avec succès
Produit trouvé: ID=5, Nom=Collier en argent
Nombre d'articles dans le panier: 1
Total: 159.98
Réponse JSON générée avec succès
Fin du script
--------- 2025-05-02 12:46:47 ---------
Session: Array
(
    [user_id] => 7
    [user_type] => client
    [user_email] => a@a.com
)

Client ID: 7
SQL préparé: SELECT p.id, p.nom, p.prix, p.image_url, pan.quantite, pan.produit_id 
            FROM paniers pan 
            JOIN produits p ON pan.produit_id = p.id 
            WHERE pan.client_id = ? avec client_id=7
Requête exécutée avec succès
Nombre d'articles dans le panier: 0
Total: 0
Réponse JSON générée avec succès
Fin du script
